   0  $accept : statement $end

   1  statement : expression

   2  expression : expression '*' expression
   3             | expression '/' expression
   4             | expression '+' expression
   5             | expression '-' expression
   6             | '-' expression
   7             | '(' expression ')'
   8             | NUMBER
   9             | MAX '(' expression ',' expression ')'

state 0
	$accept : . statement $end  (0)

	NUMBER  shift 1
	MAX  shift 2
	'-'  shift 3
	'('  shift 4
	.  error

	statement  goto 5
	expression  goto 6


state 1
	expression : NUMBER .  (8)

	.  reduce 8


state 2
	expression : MAX . '(' expression ',' expression ')'  (9)

	'('  shift 7
	.  error


state 3
	expression : '-' . expression  (6)

	NUMBER  shift 1
	MAX  shift 2
	'-'  shift 3
	'('  shift 4
	.  error

	expression  goto 8


state 4
	expression : '(' . expression ')'  (7)

	NUMBER  shift 1
	MAX  shift 2
	'-'  shift 3
	'('  shift 4
	.  error

	expression  goto 9


state 5
	$accept : statement . $end  (0)

	$end  accept


state 6
	statement : expression .  (1)
	expression : expression . '*' expression  (2)
	expression : expression . '/' expression  (3)
	expression : expression . '+' expression  (4)
	expression : expression . '-' expression  (5)

	'+'  shift 10
	'-'  shift 11
	'*'  shift 12
	'/'  shift 13
	$end  reduce 1


state 7
	expression : MAX '(' . expression ',' expression ')'  (9)

	NUMBER  shift 1
	MAX  shift 2
	'-'  shift 3
	'('  shift 4
	.  error

	expression  goto 14


state 8
	expression : expression . '*' expression  (2)
	expression : expression . '/' expression  (3)
	expression : expression . '+' expression  (4)
	expression : expression . '-' expression  (5)
	expression : '-' expression .  (6)

	.  reduce 6


state 9
	expression : expression . '*' expression  (2)
	expression : expression . '/' expression  (3)
	expression : expression . '+' expression  (4)
	expression : expression . '-' expression  (5)
	expression : '(' expression . ')'  (7)

	'+'  shift 10
	'-'  shift 11
	'*'  shift 12
	'/'  shift 13
	')'  shift 15
	.  error


state 10
	expression : expression '+' . expression  (4)

	NUMBER  shift 1
	MAX  shift 2
	'-'  shift 3
	'('  shift 4
	.  error

	expression  goto 16


state 11
	expression : expression '-' . expression  (5)

	NUMBER  shift 1
	MAX  shift 2
	'-'  shift 3
	'('  shift 4
	.  error

	expression  goto 17


state 12
	expression : expression '*' . expression  (2)

	NUMBER  shift 1
	MAX  shift 2
	'-'  shift 3
	'('  shift 4
	.  error

	expression  goto 18


state 13
	expression : expression '/' . expression  (3)

	NUMBER  shift 1
	MAX  shift 2
	'-'  shift 3
	'('  shift 4
	.  error

	expression  goto 19


state 14
	expression : expression . '*' expression  (2)
	expression : expression . '/' expression  (3)
	expression : expression . '+' expression  (4)
	expression : expression . '-' expression  (5)
	expression : MAX '(' expression . ',' expression ')'  (9)

	'+'  shift 10
	'-'  shift 11
	'*'  shift 12
	'/'  shift 13
	','  shift 20
	.  error


state 15
	expression : '(' expression ')' .  (7)

	.  reduce 7


state 16
	expression : expression . '*' expression  (2)
	expression : expression . '/' expression  (3)
	expression : expression . '+' expression  (4)
	expression : expression '+' expression .  (4)
	expression : expression . '-' expression  (5)

	'+'  shift 10
	'-'  shift 11
	'*'  shift 12
	'/'  shift 13
	$end  reduce 4
	')'  reduce 4
	','  reduce 4


state 17
	expression : expression . '*' expression  (2)
	expression : expression . '/' expression  (3)
	expression : expression . '+' expression  (4)
	expression : expression . '-' expression  (5)
	expression : expression '-' expression .  (5)

	'+'  shift 10
	'-'  shift 11
	'*'  shift 12
	'/'  shift 13
	$end  reduce 5
	')'  reduce 5
	','  reduce 5


state 18
	expression : expression . '*' expression  (2)
	expression : expression '*' expression .  (2)
	expression : expression . '/' expression  (3)
	expression : expression . '+' expression  (4)
	expression : expression . '-' expression  (5)

	.  reduce 2


state 19
	expression : expression . '*' expression  (2)
	expression : expression . '/' expression  (3)
	expression : expression '/' expression .  (3)
	expression : expression . '+' expression  (4)
	expression : expression . '-' expression  (5)

	.  reduce 3


state 20
	expression : MAX '(' expression ',' . expression ')'  (9)

	NUMBER  shift 1
	MAX  shift 2
	'-'  shift 3
	'('  shift 4
	.  error

	expression  goto 21


state 21
	expression : expression . '*' expression  (2)
	expression : expression . '/' expression  (3)
	expression : expression . '+' expression  (4)
	expression : expression . '-' expression  (5)
	expression : MAX '(' expression ',' expression . ')'  (9)

	'+'  shift 10
	'-'  shift 11
	'*'  shift 12
	'/'  shift 13
	')'  shift 22
	.  error


state 22
	expression : MAX '(' expression ',' expression ')' .  (9)

	.  reduce 9


12 terminals, 3 nonterminals
10 grammar rules, 23 states
